<?xml version="1.0" encoding="UTF-8"?>
<!-- Generated by org.testng.reporters.JUnitXMLReporter -->
<testsuite ignored="0" hostname="DESKTOP-3BVFOOV" failures="0" tests="5" name="Default test" time="0.102" errors="0" timestamp="2021-03-31T19:37:57 IST">
  <testcase classname="testng.AnnotationsExample" name="amethod4" time="0.01"/>
  <testcase classname="testng.AnnotationsExample" name="method3" time="0.003"/>
  <testcase classname="testng.AnnotationsExample" name="signIn" time="0.003"/>
  <testcase classname="testng.AnnotationsExample" name="signIn" time="0.004"/>
  <testcase classname="testng.AnnotationsExample" name="signIn" time="0.002"/>
</testsuite> <!-- Default test -->
