<?xml version="1.0" encoding="UTF-8"?>
<!-- Generated by org.testng.reporters.JUnitXMLReporter -->
<testsuite ignored="0" hostname="DESKTOP-3BVFOOV" failures="0" tests="4" name="Test" time="0.097" errors="0" timestamp="2021-03-31T12:46:17 IST">
  <testcase classname="testng.AnnotationsExample" name="amethod4" time="0.016"/>
  <testcase classname="testng.AnnotationsExample" name="bmethod1" time="0.002"/>
  <testcase classname="testng.AnnotationsExample" name="cmethod3" time="0.003"/>
  <testcase classname="testng.AnnotationsExample" name="dmethod2" time="0.004"/>
</testsuite> <!-- Test -->
