<?xml version="1.0" encoding="UTF-8"?>
<testng-results ignored="0" total="8" passed="7" failed="1" skipped="0">
  <reporter-output>
  </reporter-output>
  <suite started-at="2021-04-12T11:30:32 IST" name="Suite" finished-at="2021-04-12T11:30:33 IST" duration-ms="138">
    <groups>
      <group name="regression">
        <method signature="AnnotationsExample.amethod4()[pri:0, instance:testng.AnnotationsExample@63a65a25]" name="amethod4" class="testng.AnnotationsExample"/>
        <method signature="AnnotationsExample.zmethod2(java.lang.String, java.lang.String)[pri:0, instance:testng.AnnotationsExample@63a65a25]" name="zmethod2" class="testng.AnnotationsExample"/>
      </group> <!-- regression -->
    </groups>
    <test started-at="2021-04-12T11:30:32 IST" name="testngExample" finished-at="2021-04-12T11:30:33 IST" duration-ms="138">
      <class name="testng.AnnotationsExample">
        <test-method is-config="true" signature="bfSuite()[pri:0, instance:testng.AnnotationsExample@63a65a25]" started-at="2021-04-12T11:30:32 IST" name="bfSuite" finished-at="2021-04-12T11:30:32 IST" duration-ms="15" status="PASS">
          <reporter-output>
          </reporter-output>
        </test-method> <!-- bfSuite -->
        <test-method is-config="true" signature="bfTest()[pri:0, instance:testng.AnnotationsExample@63a65a25]" started-at="2021-04-12T11:30:32 IST" name="bfTest" finished-at="2021-04-12T11:30:32 IST" duration-ms="1" status="PASS">
          <reporter-output>
          </reporter-output>
        </test-method> <!-- bfTest -->
        <test-method is-config="true" signature="bfClass()[pri:0, instance:testng.AnnotationsExample@63a65a25]" started-at="2021-04-12T11:30:32 IST" name="bfClass" finished-at="2021-04-12T11:30:32 IST" duration-ms="1" status="PASS">
          <reporter-output>
          </reporter-output>
        </test-method> <!-- bfClass -->
        <test-method is-config="true" signature="bfMethod()[pri:0, instance:testng.AnnotationsExample@63a65a25]" started-at="2021-04-12T11:30:32 IST" name="bfMethod" finished-at="2021-04-12T11:30:32 IST" duration-ms="0" status="PASS">
          <reporter-output>
          </reporter-output>
        </test-method> <!-- bfMethod -->
        <test-method signature="amethod4()[pri:0, instance:testng.AnnotationsExample@63a65a25]" started-at="2021-04-12T11:30:32 IST" name="amethod4" finished-at="2021-04-12T11:30:32 IST" duration-ms="9" status="PASS">
          <reporter-output>
          </reporter-output>
        </test-method> <!-- amethod4 -->
        <test-method is-config="true" signature="afMethod()[pri:0, instance:testng.AnnotationsExample@63a65a25]" started-at="2021-04-12T11:30:32 IST" name="afMethod" finished-at="2021-04-12T11:30:32 IST" duration-ms="1" status="PASS">
          <reporter-output>
          </reporter-output>
        </test-method> <!-- afMethod -->
        <test-method is-config="true" signature="bfMethod()[pri:0, instance:testng.AnnotationsExample@63a65a25]" started-at="2021-04-12T11:30:32 IST" name="bfMethod" finished-at="2021-04-12T11:30:32 IST" duration-ms="1" status="PASS">
          <reporter-output>
          </reporter-output>
        </test-method> <!-- bfMethod -->
        <test-method signature="bmethod1(java.lang.String, java.lang.String)[pri:0, instance:testng.AnnotationsExample@63a65a25]" started-at="2021-04-12T11:30:32 IST" name="bmethod1" finished-at="2021-04-12T11:30:32 IST" duration-ms="2" status="PASS">
          <params>
            <param index="0">
              <value>
                <![CDATA[vinodkumar]]>
              </value>
            </param>
            <param index="1">
              <value>
                <![CDATA[vinod]]>
              </value>
            </param>
          </params>
          <reporter-output>
          </reporter-output>
        </test-method> <!-- bmethod1 -->
        <test-method is-config="true" signature="afMethod()[pri:0, instance:testng.AnnotationsExample@63a65a25]" started-at="2021-04-12T11:30:32 IST" name="afMethod" finished-at="2021-04-12T11:30:32 IST" duration-ms="2" status="PASS">
          <reporter-output>
          </reporter-output>
        </test-method> <!-- afMethod -->
        <test-method is-config="true" signature="bfMethod()[pri:0, instance:testng.AnnotationsExample@63a65a25]" started-at="2021-04-12T11:30:32 IST" name="bfMethod" finished-at="2021-04-12T11:30:32 IST" duration-ms="1" status="PASS">
          <reporter-output>
          </reporter-output>
        </test-method> <!-- bfMethod -->
        <test-method signature="method3()[pri:0, instance:testng.AnnotationsExample@63a65a25]" started-at="2021-04-12T11:30:32 IST" name="method3" finished-at="2021-04-12T11:30:32 IST" duration-ms="3" status="PASS">
          <reporter-output>
          </reporter-output>
        </test-method> <!-- method3 -->
        <test-method is-config="true" signature="afMethod()[pri:0, instance:testng.AnnotationsExample@63a65a25]" started-at="2021-04-12T11:30:32 IST" name="afMethod" finished-at="2021-04-12T11:30:32 IST" duration-ms="1" status="PASS">
          <reporter-output>
          </reporter-output>
        </test-method> <!-- afMethod -->
        <test-method is-config="true" signature="bfMethod()[pri:0, instance:testng.AnnotationsExample@63a65a25]" started-at="2021-04-12T11:30:32 IST" name="bfMethod" finished-at="2021-04-12T11:30:32 IST" duration-ms="0" status="PASS">
          <reporter-output>
          </reporter-output>
        </test-method> <!-- bfMethod -->
        <test-method signature="signIn(java.lang.String, java.lang.String, java.lang.String)[pri:0, instance:testng.AnnotationsExample@63a65a25]" started-at="2021-04-12T11:30:32 IST" name="signIn" data-provider="getData" finished-at="2021-04-12T11:30:32 IST" duration-ms="2" status="PASS">
          <params>
            <param index="0">
              <value>
                <![CDATA[firstUserName]]>
              </value>
            </param>
            <param index="1">
              <value>
                <![CDATA[firstPassword]]>
              </value>
            </param>
            <param index="2">
              <value>
                <![CDATA[987298379]]>
              </value>
            </param>
          </params>
          <reporter-output>
          </reporter-output>
        </test-method> <!-- signIn -->
        <test-method is-config="true" signature="afMethod()[pri:0, instance:testng.AnnotationsExample@63a65a25]" started-at="2021-04-12T11:30:32 IST" name="afMethod" finished-at="2021-04-12T11:30:32 IST" duration-ms="0" status="PASS">
          <reporter-output>
          </reporter-output>
        </test-method> <!-- afMethod -->
        <test-method is-config="true" signature="bfMethod()[pri:0, instance:testng.AnnotationsExample@63a65a25]" started-at="2021-04-12T11:30:32 IST" name="bfMethod" finished-at="2021-04-12T11:30:32 IST" duration-ms="0" status="PASS">
          <reporter-output>
          </reporter-output>
        </test-method> <!-- bfMethod -->
        <test-method signature="signIn(java.lang.String, java.lang.String, java.lang.String)[pri:0, instance:testng.AnnotationsExample@63a65a25]" started-at="2021-04-12T11:30:32 IST" name="signIn" data-provider="getData" finished-at="2021-04-12T11:30:32 IST" duration-ms="2" status="PASS">
          <params>
            <param index="0">
              <value>
                <![CDATA[secondUserName]]>
              </value>
            </param>
            <param index="1">
              <value>
                <![CDATA[secondPassword]]>
              </value>
            </param>
            <param index="2">
              <value>
                <![CDATA[12345]]>
              </value>
            </param>
          </params>
          <reporter-output>
          </reporter-output>
        </test-method> <!-- signIn -->
        <test-method is-config="true" signature="afMethod()[pri:0, instance:testng.AnnotationsExample@63a65a25]" started-at="2021-04-12T11:30:32 IST" name="afMethod" finished-at="2021-04-12T11:30:32 IST" duration-ms="1" status="PASS">
          <reporter-output>
          </reporter-output>
        </test-method> <!-- afMethod -->
        <test-method is-config="true" signature="bfMethod()[pri:0, instance:testng.AnnotationsExample@63a65a25]" started-at="2021-04-12T11:30:32 IST" name="bfMethod" finished-at="2021-04-12T11:30:32 IST" duration-ms="1" status="PASS">
          <reporter-output>
          </reporter-output>
        </test-method> <!-- bfMethod -->
        <test-method signature="signIn(java.lang.String, java.lang.String, java.lang.String)[pri:0, instance:testng.AnnotationsExample@63a65a25]" started-at="2021-04-12T11:30:32 IST" name="signIn" data-provider="getData" finished-at="2021-04-12T11:30:32 IST" duration-ms="2" status="PASS">
          <params>
            <param index="0">
              <value>
                <![CDATA[thirdUserName]]>
              </value>
            </param>
            <param index="1">
              <value>
                <![CDATA[thirdPassword]]>
              </value>
            </param>
            <param index="2">
              <value>
                <![CDATA[6554332]]>
              </value>
            </param>
          </params>
          <reporter-output>
          </reporter-output>
        </test-method> <!-- signIn -->
        <test-method is-config="true" signature="afMethod()[pri:0, instance:testng.AnnotationsExample@63a65a25]" started-at="2021-04-12T11:30:32 IST" name="afMethod" finished-at="2021-04-12T11:30:32 IST" duration-ms="1" status="PASS">
          <reporter-output>
          </reporter-output>
        </test-method> <!-- afMethod -->
        <test-method is-config="true" signature="bfMethod()[pri:0, instance:testng.AnnotationsExample@63a65a25]" started-at="2021-04-12T11:30:32 IST" name="bfMethod" finished-at="2021-04-12T11:30:32 IST" duration-ms="1" status="PASS">
          <reporter-output>
          </reporter-output>
        </test-method> <!-- bfMethod -->
        <test-method signature="zmethod2(java.lang.String, java.lang.String)[pri:0, instance:testng.AnnotationsExample@63a65a25]" started-at="2021-04-12T11:30:32 IST" name="zmethod2" finished-at="2021-04-12T11:30:32 IST" duration-ms="12" status="FAIL">
          <params>
            <param index="0">
              <value>
                <![CDATA[vinodkumar]]>
              </value>
            </param>
            <param index="1">
              <value>
                <![CDATA[vinod]]>
              </value>
            </param>
          </params>
          <exception class="java.lang.AssertionError">
            <message>
              <![CDATA[expected [true] but found [false]]]>
            </message>
            <full-stacktrace>
              <![CDATA[java.lang.AssertionError: expected [true] but found [false]
at org.testng.Assert.fail(Assert.java:99)
at org.testng.Assert.failNotEquals(Assert.java:1037)
at org.testng.Assert.assertTrue(Assert.java:45)
at org.testng.Assert.assertTrue(Assert.java:55)
at testng.AnnotationsExample.zmethod2(AnnotationsExample.java:84)
at java.base/jdk.internal.reflect.NativeMethodAccessorImpl.invoke0(Native Method)
at java.base/jdk.internal.reflect.NativeMethodAccessorImpl.invoke(NativeMethodAccessorImpl.java:64)
at java.base/jdk.internal.reflect.DelegatingMethodAccessorImpl.invoke(DelegatingMethodAccessorImpl.java:43)
at java.base/java.lang.reflect.Method.invoke(Method.java:564)
at org.testng.internal.MethodInvocationHelper.invokeMethod(MethodInvocationHelper.java:132)
at org.testng.internal.TestInvoker.invokeMethod(TestInvoker.java:599)
at org.testng.internal.TestInvoker.invokeTestMethod(TestInvoker.java:174)
at org.testng.internal.MethodRunner.runInSequence(MethodRunner.java:46)
at org.testng.internal.TestInvoker$MethodInvocationAgent.invoke(TestInvoker.java:822)
at org.testng.internal.TestInvoker.invokeTestMethods(TestInvoker.java:147)
at org.testng.internal.TestMethodWorker.invokeTestMethods(TestMethodWorker.java:146)
at org.testng.internal.TestMethodWorker.run(TestMethodWorker.java:128)
at java.base/java.util.concurrent.ThreadPoolExecutor.runWorker(ThreadPoolExecutor.java:1130)
at java.base/java.util.concurrent.ThreadPoolExecutor$Worker.run(ThreadPoolExecutor.java:630)
at java.base/java.lang.Thread.run(Thread.java:832)
]]>
            </full-stacktrace>
          </exception> <!-- java.lang.AssertionError -->
          <reporter-output>
          </reporter-output>
        </test-method> <!-- zmethod2 -->
        <test-method is-config="true" signature="afMethod()[pri:0, instance:testng.AnnotationsExample@63a65a25]" started-at="2021-04-12T11:30:33 IST" name="afMethod" finished-at="2021-04-12T11:30:33 IST" duration-ms="1" status="PASS">
          <reporter-output>
          </reporter-output>
        </test-method> <!-- afMethod -->
        <test-method is-config="true" signature="afClass()[pri:0, instance:testng.AnnotationsExample@63a65a25]" started-at="2021-04-12T11:30:33 IST" name="afClass" finished-at="2021-04-12T11:30:33 IST" duration-ms="0" status="PASS">
          <reporter-output>
          </reporter-output>
        </test-method> <!-- afClass -->
        <test-method is-config="true" signature="afTest()[pri:0, instance:testng.AnnotationsExample@63a65a25]" started-at="2021-04-12T11:30:33 IST" name="afTest" finished-at="2021-04-12T11:30:33 IST" duration-ms="0" status="PASS">
          <reporter-output>
          </reporter-output>
        </test-method> <!-- afTest -->
        <test-method is-config="true" signature="afSuite()[pri:0, instance:testng.AnnotationsExample@63a65a25]" started-at="2021-04-12T11:30:33 IST" name="afSuite" finished-at="2021-04-12T11:30:33 IST" duration-ms="0" status="PASS">
          <reporter-output>
          </reporter-output>
        </test-method> <!-- afSuite -->
      </class> <!-- testng.AnnotationsExample -->
      <class name="testng.SecondClass">
        <test-method signature="secondClassMethod()[pri:0, instance:testng.SecondClass@54c562f7]" started-at="2021-04-12T11:30:32 IST" name="secondClassMethod" finished-at="2021-04-12T11:30:32 IST" duration-ms="6" status="PASS">
          <reporter-output>
          </reporter-output>
        </test-method> <!-- secondClassMethod -->
      </class> <!-- testng.SecondClass -->
    </test> <!-- testngExample -->
  </suite> <!-- Suite -->
</testng-results>
